[时间]2019-10-31 23:04:13.139 [日志]Starting Main on xiaobandeMacBook-Pro.local with PID 7574 (/Volumes/winFile/java/qz/target/classes started by xiaoban in /Volumes/winFile/java/qz)
[时间]2019-10-31 23:04:13.166 [日志]No active profile set, falling back to default profiles: default
[时间]2019-10-31 23:04:23.147 [日志]Started Main in 13.801 seconds (JVM running for 28.674)
[时间]2019-10-31 23:05:09.082 [日志]研究箱.....
[时间]2019-10-31 23:05:09.084 [日志][用户]张磊[线程]0
[时间]2019-10-31 23:05:09.084 [日志]研究箱.....
[时间]2019-10-31 23:05:09.084 [日志][用户]黄明月[线程]1
[时间]2019-10-31 23:05:09.085 [日志][张磊]欢迎使用小班研究生系统!
[时间]2019-10-31 23:05:09.085 [日志][张磊][脚本]获得脚本成功!
[时间]2019-10-31 23:05:09.085 [日志]研究箱.....
[时间]2019-10-31 23:05:09.085 [日志][用户]王森[线程]2
[时间]2019-10-31 23:05:09.085 [日志][黄明月]欢迎使用小班研究生系统!
[时间]2019-10-31 23:05:09.085 [日志][黄明月][脚本]获得脚本成功!
[时间]2019-10-31 23:05:09.085 [日志]研究箱.....
[时间]2019-10-31 23:05:09.085 [日志][用户]赵亮[线程]3
[时间]2019-10-31 23:05:09.085 [日志][王森]欢迎使用小班研究生系统!
[时间]2019-10-31 23:05:09.086 [日志][王森][脚本]获得脚本成功!
[时间]2019-10-31 23:05:09.086 [日志]研究箱.....
[时间]2019-10-31 23:05:09.086 [日志][赵亮]欢迎使用小班研究生系统!
[时间]2019-10-31 23:05:09.086 [日志][赵亮][脚本]获得脚本成功!
[时间]2019-10-31 23:05:09.087 [日志][用户]庚雨欣[线程]4
[时间]2019-10-31 23:05:09.087 [日志]研究箱.....
[时间]2019-10-31 23:05:09.087 [日志][庚雨欣]欢迎使用小班研究生系统!
[时间]2019-10-31 23:05:09.087 [日志][用户]周月[线程]5
[时间]2019-10-31 23:05:09.087 [日志][庚雨欣][脚本]获得脚本成功!
[时间]2019-10-31 23:05:09.088 [日志]研究箱.....
[时间]2019-10-31 23:05:09.088 [日志][周月]欢迎使用小班研究生系统!
[时间]2019-10-31 23:05:09.088 [日志][周月][脚本]获得脚本成功!
[时间]2019-10-31 23:05:09.088 [日志][用户]霍思园[线程]6
[时间]2019-10-31 23:05:09.089 [日志]研究箱.....
[时间]2019-10-31 23:05:09.089 [日志][用户]包秀影[线程]7
[时间]2019-10-31 23:05:09.089 [日志][霍思园]欢迎使用小班研究生系统!
[时间]2019-10-31 23:05:09.089 [日志][霍思园][脚本]获得脚本成功!
[时间]2019-10-31 23:05:09.089 [日志]研究箱.....
[时间]2019-10-31 23:05:09.089 [日志][包秀影]欢迎使用小班研究生系统!
[时间]2019-10-31 23:05:09.089 [日志][用户]韩艳颖[线程]8
[时间]2019-10-31 23:05:09.090 [日志][包秀影][脚本]获得脚本成功!
[时间]2019-10-31 23:05:09.090 [日志][韩艳颖]欢迎使用小班研究生系统!
[时间]2019-10-31 23:05:09.091 [日志][韩艳颖][脚本]获得脚本成功!
[时间]2019-10-31 23:05:14.442 [日志][周月][时间]正在检查时间
[时间]2019-10-31 23:05:14.442 [日志][包秀影][时间]正在检查时间
[时间]2019-10-31 23:05:14.442 [日志][system]检测时间是否开放中!
[时间]2019-10-31 23:05:14.442 [日志][system]检测时间是否开放中!
[时间]2019-10-31 23:05:14.443 [日志][system]2019-10-31 23:05:14
[时间]2019-10-31 23:05:14.443 [日志][system]2019-10-31 23:05:14
[时间]2019-10-31 23:05:14.443 [日志][system][system]房间将在7小时24分45秒后开放!
[时间]2019-10-31 23:05:14.443 [日志][system][system]房间将在7小时24分45秒后开放!
[时间]2019-10-31 23:05:14.444 [日志][王森][时间]正在检查时间
[时间]2019-10-31 23:05:14.444 [日志][张磊][时间]正在检查时间
[时间]2019-10-31 23:05:14.444 [日志][system]检测时间是否开放中!
[时间]2019-10-31 23:05:14.445 [日志][system]检测时间是否开放中!
[时间]2019-10-31 23:05:14.445 [日志][system]2019-10-31 23:05:14
[时间]2019-10-31 23:05:14.445 [日志][system]2019-10-31 23:05:14
[时间]2019-10-31 23:05:14.445 [日志][system][system]房间将在7小时24分45秒后开放!
[时间]2019-10-31 23:05:14.446 [日志][system][system]房间将在7小时24分45秒后开放!
[时间]2019-10-31 23:05:14.448 [日志][韩艳颖][时间]正在检查时间
[时间]2019-10-31 23:05:14.448 [日志][system]检测时间是否开放中!
[时间]2019-10-31 23:05:14.449 [日志][system]2019-10-31 23:05:14
[时间]2019-10-31 23:05:14.449 [日志][system][system]房间将在7小时24分45秒后开放!
[时间]2019-10-31 23:05:14.457 [日志][黄明月][时间]正在检查时间
[时间]2019-10-31 23:05:14.457 [日志][system]检测时间是否开放中!
[时间]2019-10-31 23:05:14.457 [日志][system]2019-10-31 23:05:14
[时间]2019-10-31 23:05:14.458 [日志][system][system]房间将在7小时24分45秒后开放!
[时间]2019-10-31 23:05:14.731 [日志][赵亮][时间]正在检查时间
[时间]2019-10-31 23:05:14.731 [日志][system]检测时间是否开放中!
[时间]2019-10-31 23:05:14.732 [日志][system]2019-10-31 23:05:14
[时间]2019-10-31 23:05:14.732 [日志][system][system]房间将在7小时24分45秒后开放!
[时间]2019-10-31 23:05:14.764 [日志][霍思园][时间]正在检查时间
[时间]2019-10-31 23:05:14.764 [日志][system]检测时间是否开放中!
[时间]2019-10-31 23:05:14.764 [日志][system]2019-10-31 23:05:14
[时间]2019-10-31 23:05:14.765 [日志][system][system]房间将在7小时24分45秒后开放!
[时间]2019-10-31 23:05:14.806 [日志][庚雨欣][时间]正在检查时间
[时间]2019-10-31 23:05:14.806 [日志][system]检测时间是否开放中!
[时间]2019-10-31 23:05:14.806 [日志][system]2019-10-31 23:05:14
[时间]2019-10-31 23:05:14.807 [日志][system][system]房间将在7小时24分45秒后开放!
[时间]2019-10-31 23:08:53.554 [日志]Starting Main on xiaobandeMacBook-Pro.local with PID 923 (/Volumes/winFile/java/qz/target/classes started by xiaoban in /Volumes/winFile/java/qz)
[时间]2019-10-31 23:08:53.618 [日志]No active profile set, falling back to default profiles: default
[时间]2019-10-31 23:09:09.087 [日志]Started Main in 20.423 seconds (JVM running for 33.403)
[时间]2019-10-31 23:10:04.062 [日志]研究箱.....
[时间]2019-10-31 23:10:04.064 [日志][用户]张磊[线程]0
[时间]2019-10-31 23:10:04.081 [日志]研究箱.....
[时间]2019-10-31 23:10:04.081 [日志][张磊]欢迎使用小班研究生系统!
[时间]2019-10-31 23:10:04.081 [日志][用户]黄明月[线程]1
[时间]2019-10-31 23:10:04.081 [日志][张磊][脚本]获得脚本成功!
[时间]2019-10-31 23:10:04.082 [日志]研究箱.....
[时间]2019-10-31 23:10:04.082 [日志][黄明月]欢迎使用小班研究生系统!
[时间]2019-10-31 23:10:04.082 [日志][用户]王森[线程]2
[时间]2019-10-31 23:10:04.082 [日志][黄明月][脚本]获得脚本成功!
[时间]2019-10-31 23:10:04.083 [日志]研究箱.....
[时间]2019-10-31 23:10:04.083 [日志][王森]欢迎使用小班研究生系统!
[时间]2019-10-31 23:10:04.083 [日志][用户]赵亮[线程]3
[时间]2019-10-31 23:10:04.083 [日志][王森][脚本]获得脚本成功!
[时间]2019-10-31 23:10:04.084 [日志]研究箱.....
[时间]2019-10-31 23:10:04.085 [日志][赵亮]欢迎使用小班研究生系统!
[时间]2019-10-31 23:10:04.085 [日志][用户]庚雨欣[线程]4
[时间]2019-10-31 23:10:04.085 [日志][赵亮][脚本]获得脚本成功!
[时间]2019-10-31 23:10:04.086 [日志]研究箱.....
[时间]2019-10-31 23:10:04.087 [日志][庚雨欣]欢迎使用小班研究生系统!
[时间]2019-10-31 23:10:04.087 [日志][用户]周月[线程]5
[时间]2019-10-31 23:10:04.087 [日志][庚雨欣][脚本]获得脚本成功!
[时间]2019-10-31 23:10:04.087 [日志]研究箱.....
[时间]2019-10-31 23:10:04.087 [日志][周月]欢迎使用小班研究生系统!
[时间]2019-10-31 23:10:04.087 [日志][用户]霍思园[线程]6
[时间]2019-10-31 23:10:04.087 [日志][周月][脚本]获得脚本成功!
[时间]2019-10-31 23:10:04.088 [日志]研究箱.....
[时间]2019-10-31 23:10:04.088 [日志][霍思园]欢迎使用小班研究生系统!
[时间]2019-10-31 23:10:04.088 [日志][用户]包秀影[线程]7
[时间]2019-10-31 23:10:04.088 [日志][霍思园][脚本]获得脚本成功!
[时间]2019-10-31 23:10:04.088 [日志]研究箱.....
[时间]2019-10-31 23:10:04.089 [日志][包秀影]欢迎使用小班研究生系统!
[时间]2019-10-31 23:10:04.089 [日志][包秀影][脚本]获得脚本成功!
[时间]2019-10-31 23:10:04.089 [日志][用户]韩艳颖[线程]8
[时间]2019-10-31 23:10:04.089 [日志][韩艳颖]欢迎使用小班研究生系统!
[时间]2019-10-31 23:10:04.090 [日志][韩艳颖][脚本]获得脚本成功!
[时间]2019-10-31 23:10:09.814 [日志][周月][时间]正在检查时间
[时间]2019-10-31 23:10:09.815 [日志][system]检测时间是否开放中!
[时间]2019-10-31 23:10:09.815 [日志][system]2019-10-31 23:10:09
[时间]2019-10-31 23:10:09.815 [日志][system][system]房间将在7小时19分51秒后开放!
[时间]2019-10-31 23:10:09.817 [日志][包秀影][时间]正在检查时间
[时间]2019-10-31 23:10:09.817 [日志][system]检测时间是否开放中!
[时间]2019-10-31 23:10:09.817 [日志][赵亮][时间]正在检查时间
[时间]2019-10-31 23:10:09.818 [日志][system]2019-10-31 23:10:09
[时间]2019-10-31 23:10:09.820 [日志][system]检测时间是否开放中!
[时间]2019-10-31 23:10:09.820 [日志][system]2019-10-31 23:10:09
[时间]2019-10-31 23:10:09.820 [日志][system][system]房间将在7小时19分51秒后开放!
[时间]2019-10-31 23:10:09.821 [日志][system][system]房间将在7小时19分51秒后开放!
[时间]2019-10-31 23:10:09.909 [日志][王森][时间]正在检查时间
[时间]2019-10-31 23:10:09.909 [日志][system]检测时间是否开放中!
[时间]2019-10-31 23:10:09.909 [日志][system]2019-10-31 23:10:09
[时间]2019-10-31 23:10:09.910 [日志][system][system]房间将在7小时19分51秒后开放!
[时间]2019-10-31 23:10:10.134 [日志][黄明月][时间]正在检查时间
[时间]2019-10-31 23:10:10.135 [日志][system]检测时间是否开放中!
[时间]2019-10-31 23:10:10.135 [日志][system]2019-10-31 23:10:10
[时间]2019-10-31 23:10:10.135 [日志][system][system]房间将在7小时19分50秒后开放!
[时间]2019-10-31 23:10:10.146 [日志][韩艳颖][时间]正在检查时间
[时间]2019-10-31 23:10:10.147 [日志][system]检测时间是否开放中!
[时间]2019-10-31 23:10:10.147 [日志][system]2019-10-31 23:10:10
[时间]2019-10-31 23:10:10.148 [日志][system][system]房间将在7小时19分50秒后开放!
[时间]2019-10-31 23:10:10.331 [日志][霍思园][时间]正在检查时间
[时间]2019-10-31 23:10:10.332 [日志][system]检测时间是否开放中!
[时间]2019-10-31 23:10:10.332 [日志][system]2019-10-31 23:10:10
[时间]2019-10-31 23:10:10.332 [日志][system][system]房间将在7小时19分50秒后开放!
[时间]2019-10-31 23:10:10.337 [日志][庚雨欣][时间]正在检查时间
[时间]2019-10-31 23:10:10.337 [日志][system]检测时间是否开放中!
[时间]2019-10-31 23:10:10.337 [日志][system]2019-10-31 23:10:10
[时间]2019-10-31 23:10:10.338 [日志][system][system]房间将在7小时19分50秒后开放!
[时间]2019-10-31 23:10:10.492 [日志][张磊][时间]正在检查时间
[时间]2019-10-31 23:10:10.492 [日志][system]检测时间是否开放中!
[时间]2019-10-31 23:10:10.492 [日志][system]2019-10-31 23:10:10
[时间]2019-10-31 23:10:10.493 [日志][system][system]房间将在7小时19分50秒后开放!
