[时间]2019-11-01 06:30:00.594 [日志][黄明月][请求]判断房间界面是否开放,请稍后！
[时间]2019-11-01 06:30:01.368 [日志][王森][请求]判断房间界面是否开放,请稍后！
[时间]2019-11-01 06:30:00.950 [日志][张磊][请求]判断房间界面是否开放,请稍后！
[时间]2019-11-01 06:30:01.277 [日志][赵亮][请求]判断房间界面是否开放,请稍后！
[时间]2019-11-01 06:30:00.605 [日志][韩艳颖][请求]判断房间界面是否开放,请稍后！
[时间]2019-11-01 06:30:01.277 [日志][包秀影][请求]判断房间界面是否开放,请稍后！
[时间]2019-11-01 06:30:01.274 [日志][周月][请求]判断房间界面是否开放,请稍后！
[时间]2019-11-01 06:30:00.795 [日志][庚雨欣][请求]判断房间界面是否开放,请稍后！
[时间]2019-11-01 06:30:00.789 [日志][霍思园][请求]判断房间界面是否开放,请稍后！
[时间]2019-11-01 06:30:05.952 [日志][system]房间已开放!0
[时间]2019-11-01 06:30:06.006 [日志][system]房间已开放!0
[时间]2019-11-01 06:30:06.117 [日志][system]房间已开放!0
[时间]2019-11-01 06:30:06.169 [日志][system]房间已开放!0
[时间]2019-11-01 06:30:06.350 [日志][system]房间已开放!0
[时间]2019-11-01 06:30:06.437 [日志][system]执行脚本代码中
[时间]2019-11-01 06:30:06.458 [日志][system]房间已开放!0
[时间]2019-11-01 06:30:06.516 [日志][system]房间已开放!0
[时间]2019-11-01 06:30:06.516 [日志][system]房间已开放!0
[时间]2019-11-01 06:30:06.560 [日志][system]执行脚本代码中
[时间]2019-11-01 06:30:06.637 [日志][system]房间已开放!0
[时间]2019-11-01 06:30:06.643 [日志][system]执行脚本代码中
[时间]2019-11-01 06:30:06.988 [日志][system]执行脚本代码中
[时间]2019-11-01 06:30:07.124 [日志][system]执行脚本代码中
[时间]2019-11-01 06:30:07.153 [日志][system]执行脚本代码中
[时间]2019-11-01 06:30:07.226 [日志][system]执行脚本代码中
[时间]2019-11-01 06:30:07.251 [日志][system]执行脚本代码中
[时间]2019-11-01 06:30:07.295 [日志][system]执行脚本代码中
[时间]2019-11-01 06:30:07.469 [日志][霍思园][开始]初始化全部完成,正在开始
[时间]2019-11-01 06:30:07.604 [日志][赵亮][开始]初始化全部完成,正在开始
[时间]2019-11-01 06:30:07.611 [日志][赵亮][赵亮][位置]->[研究箱内]
[时间]2019-11-01 06:30:07.611 [日志][赵亮][赵亮][核心]正在努力为您抢座中！
[时间]2019-11-01 06:30:07.611 [日志][system]执行脚本代码中
[时间]2019-11-01 06:30:07.626 [日志][包秀影][开始]初始化全部完成,正在开始
[时间]2019-11-01 06:30:07.726 [日志][张磊][开始]初始化全部完成,正在开始
[时间]2019-11-01 06:30:08.247 [日志][韩艳颖][开始]初始化全部完成,正在开始
[时间]2019-11-01 06:30:08.257 [日志][王森][开始]初始化全部完成,正在开始
[时间]2019-11-01 06:30:08.272 [日志][庚雨欣][开始]初始化全部完成,正在开始
[时间]2019-11-01 06:30:08.289 [日志][周月][开始]初始化全部完成,正在开始
[时间]2019-11-01 06:30:08.315 [日志][黄明月][开始]初始化全部完成,正在开始
[时间]2019-11-01 06:30:08.321 [日志][system]roomName:[岳麓]
[时间]2019-11-01 06:30:08.322 [日志][包秀影][包秀影][位置]->[研究箱内]
[时间]2019-11-01 06:30:08.323 [日志][包秀影][包秀影][核心]正在努力为您抢座中！
[时间]2019-11-01 06:30:08.324 [日志][system]执行脚本代码中
[时间]2019-11-01 06:30:08.324 [日志][system]执行脚本代码中
[时间]2019-11-01 06:30:08.334 [日志][韩艳颖][韩艳颖][位置]->[研究箱内]
[时间]2019-11-01 06:30:08.334 [日志][韩艳颖][韩艳颖][核心]正在努力为您抢座中！
[时间]2019-11-01 06:30:08.334 [日志][system]执行脚本代码中
[时间]2019-11-01 06:30:08.339 [日志][庚雨欣][庚雨欣][位置]->[研究箱内]
[时间]2019-11-01 06:30:08.339 [日志][周月][周月][位置]->[研究箱内]
[时间]2019-11-01 06:30:08.339 [日志][周月][周月][核心]正在努力为您抢座中！
[时间]2019-11-01 06:30:08.339 [日志][system]执行脚本代码中
[时间]2019-11-01 06:30:08.340 [日志][庚雨欣][庚雨欣][核心]正在努力为您抢座中！
[时间]2019-11-01 06:30:08.341 [日志][system]执行脚本代码中
[时间]2019-11-01 06:30:08.349 [日志][黄明月][黄明月][位置]->[研究箱内]
[时间]2019-11-01 06:30:08.349 [日志][黄明月][黄明月][核心]正在努力为您抢座中！
[时间]2019-11-01 06:30:08.349 [日志][system]执行脚本代码中
[时间]2019-11-01 06:30:08.357 [日志][霍思园][霍思园][位置]->[研究箱内]
[时间]2019-11-01 06:30:08.358 [日志][霍思园][霍思园][核心]正在努力为您抢座中！
[时间]2019-11-01 06:30:08.358 [日志][system]执行脚本代码中
[时间]2019-11-01 06:30:08.368 [日志][王森][王森][位置]->[研究箱内]
[时间]2019-11-01 06:30:08.369 [日志][王森][王森][核心]正在努力为您抢座中！
[时间]2019-11-01 06:30:08.369 [日志][system]执行脚本代码中
[时间]2019-11-01 06:30:08.372 [日志][张磊][张磊][位置]->[研究箱内]
[时间]2019-11-01 06:30:08.373 [日志][张磊][张磊][核心]正在努力为您抢座中！
[时间]2019-11-01 06:30:08.373 [日志][system]执行脚本代码中
[时间]2019-11-01 06:30:08.380 [日志][system]roomName:[白露]
[时间]2019-11-01 06:30:08.380 [日志][system]执行脚本代码中
[时间]2019-11-01 06:30:08.383 [日志][system]roomName: [应天]
[时间]2019-11-01 06:30:08.383 [日志][system]执行脚本代码中
[时间]2019-11-01 06:30:08.386 [日志][system]roomName:[岳麓]
[时间]2019-11-01 06:30:08.386 [日志][system]执行脚本代码中
[时间]2019-11-01 06:30:08.392 [日志][system]roomName:[白露]
[时间]2019-11-01 06:30:08.392 [日志][system]执行脚本代码中
[时间]2019-11-01 06:30:08.452 [日志][system]roomName: [应天]
[时间]2019-11-01 06:30:08.452 [日志][system]执行脚本代码中
[时间]2019-11-01 06:30:08.458 [日志][system]roomName:[岳麓]
[时间]2019-11-01 06:30:08.458 [日志][system]执行脚本代码中
[时间]2019-11-01 06:30:08.463 [日志][system]roomName:[岳麓]
[时间]2019-11-01 06:30:08.475 [日志][system]执行脚本代码中
[时间]2019-11-01 06:30:08.478 [日志][system]roomName:[岳麓]
[时间]2019-11-01 06:30:08.479 [日志][system]执行脚本代码中
[时间]2019-11-01 06:32:07.578 [日志][霍思园][完成]执行完毕!
[时间]2019-11-01 06:32:07.690 [日志][赵亮][完成]执行完毕!
[时间]2019-11-01 06:32:07.721 [日志][包秀影][完成]执行完毕!
[时间]2019-11-01 06:32:07.824 [日志][张磊][完成]执行完毕!
[时间]2019-11-01 06:32:08.345 [日志][韩艳颖][完成]执行完毕!
[时间]2019-11-01 06:32:08.370 [日志][王森][完成]执行完毕!
[时间]2019-11-01 06:32:08.370 [日志][周月][完成]执行完毕!
[时间]2019-11-01 06:32:08.385 [日志][庚雨欣][完成]执行完毕!
[时间]2019-11-01 06:32:08.399 [日志][黄明月][完成]执行完毕!
[时间]2019-11-01 09:18:39.285 [日志]Starting Main on xiaobandeMacBook-Pro.local with PID 7284 (/Volumes/winFile/java/qz/target/classes started by xiaoban in /Volumes/winFile/java/qz)
[时间]2019-11-01 09:18:39.295 [日志]No active profile set, falling back to default profiles: default
[时间]2019-11-01 09:18:43.141 [日志]Started Main in 4.901 seconds (JVM running for 13.078)
[时间]2019-11-01 09:20:25.497 [日志]将为您优先选择[1]号房间的[12]号座位!
[时间]2019-11-01 09:20:25.497 [日志]抢座运行!....
[时间]2019-11-01 09:20:25.497 [日志]研究箱....
[时间]2019-11-01 09:20:25.498 [日志][张磊][线程]开始
[时间]2019-11-01 09:20:25.499 [日志][张磊]欢迎使用小班研究生系统!
[时间]2019-11-01 09:20:25.499 [日志][张磊][脚本]获得脚本成功!
[时间]2019-11-01 09:20:37.983 [日志][张磊][时间]正在检查时间
[时间]2019-11-01 09:20:38.306 [日志][system]检测时间是否开放中!
[时间]2019-11-01 09:20:38.307 [日志][system]2019-11-01 09:20:38
[时间]2019-11-01 09:20:38.307 [日志][system][system]房间已经开放了
[时间]2019-11-01 09:20:39.312 [日志][张磊][请求]判断房间界面是否开放,请稍后！
[时间]2019-11-01 09:20:41.229 [日志][system]房间已开放!0
[时间]2019-11-01 09:20:41.705 [日志][system]执行脚本代码中
[时间]2019-11-01 09:20:42.285 [日志][张磊][开始]初始化全部完成,正在开始
[时间]2019-11-01 09:20:42.301 [日志][张磊][张磊][位置]->[研究箱内]
[时间]2019-11-01 09:20:42.303 [日志][张磊][张磊][核心]正在努力为您抢座中！
[时间]2019-11-01 09:20:42.303 [日志][system]执行脚本代码中
[时间]2019-11-01 09:20:42.319 [日志][system]roomName:[岳麓]
[时间]2019-11-01 09:20:42.319 [日志][system]执行脚本代码中
[时间]2019-11-01 09:22:42.325 [日志][张磊][完成]执行完毕!
